2024-12-05 20:45:45 - Attempt 1 of 50
2024-12-05 20:45:45 - Attempting to install Shadcn UI Tooltip component...
2024-12-05 20:48:16 - ❌ Installation attempt failed. Waiting 30 seconds before retrying...
2024-12-05 20:48:27 - Attempt 1 of 50
2024-12-05 20:48:27 - Attempting to install Shadcn UI Tooltip component...
2024-12-05 20:50:59 - ❌ Installation attempt failed. Waiting 3 seconds before retrying...
2024-12-05 20:51:02 - Attempt 2 of 50
2024-12-05 20:51:02 - Attempting to install Shadcn UI Tooltip component...
2024-12-05 20:53:34 - ❌ Installation attempt failed. Waiting 3 seconds before retrying...
2024-12-05 20:53:37 - Attempt 3 of 50
2024-12-05 20:53:37 - Attempting to install Shadcn UI Tooltip component...
2024-12-05 20:56:09 - ❌ Installation attempt failed. Waiting 3 seconds before retrying...
2024-12-05 20:56:12 - Attempt 4 of 50
2024-12-05 20:56:12 - Attempting to install Shadcn UI Tooltip component...
2024-12-05 20:58:43 - ❌ Installation attempt failed. Waiting 3 seconds before retrying...
2024-12-05 20:58:46 - Attempt 5 of 50
2024-12-05 20:58:46 - Attempting to install Shadcn UI Tooltip component...
2024-12-05 21:01:18 - ❌ Installation attempt failed. Waiting 3 seconds before retrying...
2024-12-05 21:01:21 - Attempt 6 of 50
2024-12-05 21:01:21 - Attempting to install Shadcn UI Tooltip component...
2024-12-05 21:03:53 - ❌ Installation attempt failed. Waiting 3 seconds before retrying...
2024-12-05 21:03:56 - Attempt 7 of 50
2024-12-05 21:03:56 - Attempting to install Shadcn UI Tooltip component...
2024-12-05 21:05:04 - Attempt 1 of 50
2024-12-05 21:05:04 - Attempting to install Shadcn UI Tooltip component...
2024-12-05 21:05:24 - Attempt 1 of 50
2024-12-05 21:05:24 - Attempting to install Shadcn UI Tooltip component...
2024-12-05 21:06:24 - ❌ Installation attempt failed. Waiting 3 seconds before retrying...
2024-12-05 21:06:27 - Attempt 2 of 50
2024-12-05 21:06:27 - Attempting to install Shadcn UI Tooltip component...
2024-12-05 21:07:27 - ❌ Installation attempt failed. Waiting 3 seconds before retrying...
2024-12-05 21:07:30 - Attempt 3 of 50
2024-12-05 21:07:30 - Attempting to install Shadcn UI Tooltip component...
2024-12-05 21:08:30 - ❌ Installation attempt failed. Waiting 3 seconds before retrying...
2024-12-05 21:08:33 - Attempt 4 of 50
2024-12-05 21:08:33 - Attempting to install Shadcn UI Tooltip component...
2024-12-05 21:09:33 - ❌ Installation attempt failed. Waiting 3 seconds before retrying...
2024-12-05 21:09:36 - Attempt 5 of 50
2024-12-05 21:09:36 - Attempting to install Shadcn UI Tooltip component...
2024-12-05 21:10:36 - ❌ Installation attempt failed. Waiting 3 seconds before retrying...
2024-12-05 21:10:39 - Attempt 6 of 50
2024-12-05 21:10:39 - Attempting to install Shadcn UI Tooltip component...
2024-12-05 21:11:40 - ❌ Installation attempt failed. Waiting 3 seconds before retrying...
2024-12-05 21:11:43 - Attempt 7 of 50
2024-12-05 21:11:43 - Attempting to install Shadcn UI Tooltip component...
2024-12-05 21:12:42 - ❌ Installation attempt failed. Waiting 3 seconds before retrying...
2024-12-05 21:12:45 - Attempt 8 of 50
2024-12-05 21:12:45 - Attempting to install Shadcn UI Tooltip component...
2024-12-05 21:12:45 - ❌ Installation attempt failed. Waiting 3 seconds before retrying...
2024-12-05 21:12:48 - Attempt 9 of 50
2024-12-05 21:12:49 - Attempting to install Shadcn UI Tooltip component...
2024-12-05 21:13:49 - ❌ Installation attempt failed. Waiting 3 seconds before retrying...
2024-12-05 21:13:52 - Attempt 10 of 50
2024-12-05 21:13:52 - Attempting to install Shadcn UI Tooltip component...
2024-12-05 21:14:52 - ❌ Installation attempt failed. Waiting 3 seconds before retrying...
2024-12-05 21:14:55 - Attempt 11 of 50
2024-12-05 21:14:55 - Attempting to install Shadcn UI Tooltip component...
2024-12-05 21:15:55 - ❌ Installation attempt failed. Waiting 3 seconds before retrying...
2024-12-05 21:15:58 - Attempt 12 of 50
2024-12-05 21:15:58 - Attempting to install Shadcn UI Tooltip component...
2024-12-05 21:16:58 - ❌ Installation attempt failed. Waiting 3 seconds before retrying...
2024-12-05 21:17:01 - Attempt 13 of 50
2024-12-05 21:17:01 - Attempting to install Shadcn UI Tooltip component...
2024-12-05 21:18:01 - ❌ Installation attempt failed. Waiting 3 seconds before retrying...
2024-12-05 21:18:04 - Attempt 14 of 50
2024-12-05 21:18:04 - Attempting to install Shadcn UI Tooltip component...
2024-12-05 21:19:04 - ❌ Installation attempt failed. Waiting 3 seconds before retrying...
2024-12-05 21:19:07 - Attempt 15 of 50
2024-12-05 21:19:07 - Attempting to install Shadcn UI Tooltip component...
2024-12-05 21:20:07 - ❌ Installation attempt failed. Waiting 3 seconds before retrying...
2024-12-05 21:20:10 - Attempt 16 of 50
2024-12-05 21:20:10 - Attempting to install Shadcn UI Tooltip component...
2024-12-05 21:21:10 - ❌ Installation attempt failed. Waiting 3 seconds before retrying...
2024-12-05 21:21:13 - Attempt 17 of 50
2024-12-05 21:21:13 - Attempting to install Shadcn UI Tooltip component...
2024-12-05 21:22:13 - ❌ Installation attempt failed. Waiting 3 seconds before retrying...
2024-12-05 21:22:16 - Attempt 18 of 50
2024-12-05 21:22:16 - Attempting to install Shadcn UI Tooltip component...
2024-12-05 21:23:16 - ❌ Installation attempt failed. Waiting 3 seconds before retrying...
2024-12-05 21:23:19 - Attempt 19 of 50
2024-12-05 21:23:19 - Attempting to install Shadcn UI Tooltip component...
2024-12-05 21:24:19 - ❌ Installation attempt failed. Waiting 3 seconds before retrying...
2024-12-05 21:24:23 - Attempt 20 of 50
2024-12-05 21:24:23 - Attempting to install Shadcn UI Tooltip component...
2024-12-05 21:25:23 - ❌ Installation attempt failed. Waiting 3 seconds before retrying...
2024-12-05 21:25:26 - Attempt 21 of 50
2024-12-05 21:25:26 - Attempting to install Shadcn UI Tooltip component...
2024-12-05 21:26:26 - ❌ Installation attempt failed. Waiting 3 seconds before retrying...
2024-12-05 21:26:29 - Attempt 22 of 50
2024-12-05 21:26:29 - Attempting to install Shadcn UI Tooltip component...
2024-12-05 21:27:29 - ❌ Installation attempt failed. Waiting 3 seconds before retrying...
2024-12-05 21:27:32 - Attempt 23 of 50
2024-12-05 21:27:32 - Attempting to install Shadcn UI Tooltip component...
2024-12-05 21:28:32 - ❌ Installation attempt failed. Waiting 3 seconds before retrying...
2024-12-05 21:28:35 - Attempt 24 of 50
2024-12-05 21:28:35 - Attempting to install Shadcn UI Tooltip component...
2024-12-05 21:29:35 - ❌ Installation attempt failed. Waiting 3 seconds before retrying...
2024-12-05 21:29:38 - Attempt 25 of 50
2024-12-05 21:29:38 - Attempting to install Shadcn UI Tooltip component...
2024-12-05 21:30:38 - ❌ Installation attempt failed. Waiting 3 seconds before retrying...
2024-12-05 21:30:41 - Attempt 26 of 50
2024-12-05 21:30:41 - Attempting to install Shadcn UI Tooltip component...
2024-12-05 21:31:41 - ❌ Installation attempt failed. Waiting 3 seconds before retrying...
2024-12-05 21:31:44 - Attempt 27 of 50
2024-12-05 21:31:44 - Attempting to install Shadcn UI Tooltip component...
2024-12-05 21:32:44 - ❌ Installation attempt failed. Waiting 3 seconds before retrying...
2024-12-05 21:32:47 - Attempt 28 of 50
2024-12-05 21:32:47 - Attempting to install Shadcn UI Tooltip component...
2024-12-05 21:33:47 - ❌ Installation attempt failed. Waiting 3 seconds before retrying...
2024-12-05 21:33:50 - Attempt 29 of 50
2024-12-05 21:33:50 - Attempting to install Shadcn UI Tooltip component...
2024-12-05 21:34:50 - ❌ Installation attempt failed. Waiting 3 seconds before retrying...
2024-12-05 21:34:53 - Attempt 30 of 50
2024-12-05 21:34:53 - Attempting to install Shadcn UI Tooltip component...
2024-12-05 21:35:54 - ❌ Installation attempt failed. Waiting 3 seconds before retrying...
2024-12-05 21:35:57 - Attempt 31 of 50
2024-12-05 21:35:57 - Attempting to install Shadcn UI Tooltip component...
2024-12-05 21:36:57 - ❌ Installation attempt failed. Waiting 3 seconds before retrying...
2024-12-05 21:37:00 - Attempt 32 of 50
2024-12-05 21:37:00 - Attempting to install Shadcn UI Tooltip component...
2024-12-05 21:38:00 - ❌ Installation attempt failed. Waiting 3 seconds before retrying...
2024-12-05 21:38:03 - Attempt 33 of 50
2024-12-05 21:38:03 - Attempting to install Shadcn UI Tooltip component...
2024-12-05 21:39:03 - ❌ Installation attempt failed. Waiting 3 seconds before retrying...
2024-12-05 21:39:06 - Attempt 34 of 50
2024-12-05 21:39:06 - Attempting to install Shadcn UI Tooltip component...
2024-12-05 21:40:06 - ❌ Installation attempt failed. Waiting 3 seconds before retrying...
2024-12-05 21:40:09 - Attempt 35 of 50
2024-12-05 21:40:09 - Attempting to install Shadcn UI Tooltip component...
2024-12-05 21:41:09 - ❌ Installation attempt failed. Waiting 3 seconds before retrying...
2024-12-05 21:41:12 - Attempt 36 of 50
2024-12-05 21:41:12 - Attempting to install Shadcn UI Tooltip component...
2024-12-05 21:42:12 - ❌ Installation attempt failed. Waiting 3 seconds before retrying...
2024-12-05 21:42:15 - Attempt 37 of 50
2024-12-05 21:42:15 - Attempting to install Shadcn UI Tooltip component...
2024-12-05 21:43:15 - ❌ Installation attempt failed. Waiting 3 seconds before retrying...
2024-12-05 21:43:18 - Attempt 38 of 50
2024-12-05 21:43:18 - Attempting to install Shadcn UI Tooltip component...
2024-12-05 21:44:18 - ❌ Installation attempt failed. Waiting 3 seconds before retrying...
2024-12-05 21:44:21 - Attempt 39 of 50
2024-12-05 21:44:21 - Attempting to install Shadcn UI Tooltip component...
2024-12-05 21:45:21 - ❌ Installation attempt failed. Waiting 3 seconds before retrying...
2024-12-05 21:45:24 - Attempt 40 of 50
2024-12-05 21:45:24 - Attempting to install Shadcn UI Tooltip component...
2024-12-05 21:46:24 - ❌ Installation attempt failed. Waiting 3 seconds before retrying...
2024-12-05 21:46:27 - Attempt 41 of 50
2024-12-05 21:46:27 - Attempting to install Shadcn UI Tooltip component...
2024-12-05 21:47:28 - ❌ Installation attempt failed. Waiting 3 seconds before retrying...
2024-12-05 21:47:31 - Attempt 42 of 50
2024-12-05 21:47:31 - Attempting to install Shadcn UI Tooltip component...
2024-12-05 21:48:31 - ❌ Installation attempt failed. Waiting 3 seconds before retrying...
2024-12-05 21:48:34 - Attempt 43 of 50
2024-12-05 21:48:34 - Attempting to install Shadcn UI Tooltip component...
2024-12-05 21:49:34 - ❌ Installation attempt failed. Waiting 3 seconds before retrying...
2024-12-05 21:49:37 - Attempt 44 of 50
2024-12-05 21:49:37 - Attempting to install Shadcn UI Tooltip component...
2024-12-05 21:50:37 - ❌ Installation attempt failed. Waiting 3 seconds before retrying...
2024-12-05 21:50:40 - Attempt 45 of 50
2024-12-05 21:50:40 - Attempting to install Shadcn UI Tooltip component...
2024-12-05 21:51:40 - ❌ Installation attempt failed. Waiting 3 seconds before retrying...
2024-12-05 21:51:43 - Attempt 46 of 50
2024-12-05 21:51:43 - Attempting to install Shadcn UI Tooltip component...
2024-12-05 21:52:43 - ❌ Installation attempt failed. Waiting 3 seconds before retrying...
2024-12-05 21:52:46 - Attempt 47 of 50
2024-12-05 21:52:46 - Attempting to install Shadcn UI Tooltip component...
2024-12-05 21:53:46 - ❌ Installation attempt failed. Waiting 3 seconds before retrying...
2024-12-05 21:53:49 - Attempt 48 of 50
2024-12-05 21:53:49 - Attempting to install Shadcn UI Tooltip component...
2024-12-05 21:54:49 - ❌ Installation attempt failed. Waiting 3 seconds before retrying...
2024-12-05 21:54:52 - Attempt 49 of 50
2024-12-05 21:54:52 - Attempting to install Shadcn UI Tooltip component...
2024-12-05 21:55:52 - ❌ Installation attempt failed. Waiting 3 seconds before retrying...
2024-12-05 21:55:55 - Attempt 50 of 50
2024-12-05 21:55:55 - Attempting to install Shadcn UI Tooltip component...
2024-12-05 21:56:55 - ❌ Installation attempt failed. Waiting 3 seconds before retrying...
2024-12-05 21:56:58 - ❌ Failed to install Shadcn UI Tooltip after 50 attempts.
2024-12-05 22:16:38 - Attempt 1 of 50
2024-12-05 22:16:38 - Attempting to install Shadcn UI Tooltip component...
2024-12-05 22:17:09 - ✅ Successfully installed Shadcn UI Tooltip component!
